<?xml version="1.0" encoding="UTF-8"?>
<beans xmlns="http://www.springframework.org/schema/beans"
	xmlns:jaxrs="http://cxf.apache.org/jaxrs" xmlns:xsi="http://www.w3.org/2001/XMLSchema-instance"
	xmlns:context="http://www.springframework.org/schema/context"
	xmlns:mvc="http://www.springframework.org/schema/mvc"
	xmlns:tx="http://www.springframework.org/schema/tx"
	xsi:schemaLocation="http://www.springframework.org/schema/mvc 
      http://www.springframework.org/schema/mvc/spring-mvc-3.0.xsd
      http://www.springframework.org/schema/beans 
      http://www.springframework.org/schema/beans/spring-beans-3.0.xsd
      http://www.springframework.org/schema/context 
      http://www.springframework.org/schema/context/spring-context-3.0.xsd
      http://cxf.apache.org/jaxrs
	  http://cxf.apache.org/schemas/jaxrs.xsd
	  http://www.springframework.org/schema/tx  
	  http://www.springframework.org/schema/tx/spring-tx-3.0.xsd">

	<tx:annotation-driven proxy-target-class="true"/>
	<bean id="jaxb2Marshaller" class="org.springframework.oxm.jaxb.Jaxb2Marshaller">
		<property name="classesToBeBound">
			<list>
				<value>com.searchcoder.model.SubmissionVO</value>
				<value>com.searchcoder.model.SubmissionVOs</value>
			</list>
		</property>
	</bean>
	
	<bean id="searchResources" class="com.searchcoder.rest.SearchCoderResourceImpl" >
		<property name="submissionService" ref="submissionService" />
	</bean>
	
	<bean id="mapper" class="com.searchcoder.model.ModelMapper" >
		<property name="customemapper" ref="customemapper" />
	</bean>
	
	<bean id="customemapper" class="org.dozer.DozerBeanMapper" />
	
	<bean id="submissionService" class="com.searchcoder.serviceImp.SubmissionServiceImpl" >
		<property name="mapper" ref="mapper" />
		<property name="submissionDAOImpl" ref="submissionDAOImpl" />
	</bean>

	<bean id="dataSource" class="org.apache.commons.dbcp.BasicDataSource">
		<property name="driverClassName" value="com.mysql.jdbc.Driver"></property>
		<property name="url" value="jdbc:mysql://localhost:3306/jda"></property>
		<property name="username" value="root"></property>
		<property name="password" value="root"></property>
	</bean>

	<bean id="sessionFactory"
		class="org.springframework.orm.hibernate4.LocalSessionFactoryBean">
		<property name="dataSource" ref="dataSource"></property>
		<property name="annotatedClasses">
			<list>
				<value>com.searchcoder.datamodels.Submission</value>
				<value>com.searchcoder.datamodels.Language</value>
			</list>
		</property>
		<property name="hibernateProperties">
			<props>
				<prop key="hibernate.dialect">org.hibernate.dialect.MySQLDialect</prop>
				<prop key="hibernate.show_sql">true</prop>
				<prop key="hibernate.hbm2ddl.auto">none</prop>
			</props>
		</property>
	</bean>
	<bean id="transactionManager" class="org.springframework.orm.hibernate4.HibernateTransactionManager">
		<property name="sessionFactory">
			<ref bean="sessionFactory" />
		</property>
	</bean>
	<bean id="genericDAO" abstract="true" class="com.searchcoder.datamodels.SearchCoderGenericDAO">
		<property name="sessionFactory" ref="sessionFactory" />
	</bean>
	<bean id="submissionDAOImpl" class="com.searchcoder.datamodels.SubmissionDAOImpl" parent="genericDAO" />
</beans>